\BOOKMARK [1][-]{section.1}{\376\377\000S\000p\000h\000e\000r\000i\000c\000a\000l\000\040\000C\000o\000o\000r\000d\000i\000n\000a\000t\000e}{}% 1
\BOOKMARK [1][-]{section.2}{\376\377\000R\000a\000d\000i\000a\000n\000\040\000a\000n\000d\000\040\000S\000t\000e\000r\000a\000d\000i\000a\000n}{}% 2
\BOOKMARK [1][-]{section.3}{\376\377\000P\000r\000o\000p\000e\000r\000t\000i\000e\000s\000\040\000o\000f\000\040\000A\000n\000t\000e\000n\000n\000a\000\040\000W\000a\000v\000e}{}% 3
\BOOKMARK [2][-]{subsection.3.1}{\376\377\000P\000o\000w\000e\000r\000\040\000C\000a\000r\000r\000i\000e\000d\000\040\000B\000y\000\040\000t\000h\000e\000\040\000W\000a\000v\000e}{section.3}% 4
\BOOKMARK [2][-]{subsection.3.2}{\376\377\000I\000s\000o\000t\000r\000o\000p\000i\000c\000\040\000R\000a\000d\000i\000a\000t\000o\000r}{section.3}% 5
\BOOKMARK [1][-]{section.4}{\376\377\000D\000i\000r\000e\000c\000t\000i\000v\000i\000t\000y}{}% 6
\BOOKMARK [1][-]{section.5}{\376\377\000B\000e\000a\000m\000w\000i\000d\000t\000h}{}% 7
\BOOKMARK [1][-]{section.6}{\376\377\000A\000n\000t\000e\000n\000n\000a\000\040\000P\000a\000r\000a\000m\000e\000t\000e\000r\000s}{}% 8
\BOOKMARK [1][-]{section.7}{\376\377\000C\000i\000r\000c\000u\000i\000t\000\040\000M\000o\000d\000e\000l\000\040\000o\000f\000\040\000a\000n\000\040\000A\000n\000t\000e\000n\000n\000a}{}% 9
\BOOKMARK [2][-]{subsection.7.1}{\376\377\000P\000o\000w\000e\000r}{section.7}% 10
\BOOKMARK [2][-]{subsection.7.2}{\376\377\000O\000p\000t\000i\000m\000i\000z\000i\000n\000g\000\040\000P\000i\000n}{section.7}% 11
\BOOKMARK [2][-]{subsection.7.3}{\376\377\000O\000p\000t\000i\000m\000i\000z\000i\000n\000g\000\040\000P\000o\000u\000t}{section.7}% 12
\BOOKMARK [2][-]{subsection.7.4}{\376\377\000T\000h\000e\000v\000e\000n\000i\000n\000\040\000V\000o\000l\000t\000a\000g\000e\000\040\000o\000f\000\040\000t\000h\000e\000\040\000A\000n\000t\000e\000n\000n\000a}{section.7}% 13
\BOOKMARK [1][-]{section.8}{\376\377\000A\000n\000t\000e\000n\000n\000a\000\040\000L\000i\000n\000k\000s}{}% 14
\BOOKMARK [1][-]{section.9}{\376\377\000M\000a\000x\000w\000e\000l\000l\000'\000s\000\040\000E\000q\000u\000a\000t\000i\000o\000n}{}% 15
\BOOKMARK [2][-]{subsubsection.9.0.1}{\376\377\000I\000n\000h\000o\000m\000o\000g\000e\000n\000e\000o\000u\000s\000\040\000W\000a\000v\000e\000\040\000E\000q\000u\000a\000t\000i\000o\000n}{section.9}% 16
\BOOKMARK [2][-]{subsection.9.1}{\376\377\000V\000e\000c\000t\000o\000r\000\040\000P\000o\000t\000e\000n\000t\000i\000a\000l\000\040\000a\000n\000d\000\040\000G\000a\000u\000g\000e\000s}{section.9}% 17
\BOOKMARK [2][-]{subsection.9.2}{\376\377\000I\000n\000t\000e\000r\000e\000s\000t\000i\000n\000g\000\040\000P\000r\000o\000p\000e\000r\000t\000y}{section.9}% 18
\BOOKMARK [1][-]{section.10}{\376\377\000R\000e\000t\000a\000r\000d\000e\000d\000\040\000P\000o\000t\000e\000n\000t\000i\000a\000l}{}% 19
\BOOKMARK [1][-]{section.11}{\376\377\000T\000h\000e\000\040\000H\000e\000r\000t\000z\000i\000a\000n\000\040\000D\000i\000p\000o\000l\000e}{}% 20
\BOOKMARK [2][-]{subsection.11.1}{\376\377\000B\000a\000s\000i\000c\000s\000\040\000o\000f\000\040\000H\000e\000r\000t\000z\000i\000a\000n\000\040\000D\000i\000p\000o\000l\000e}{section.11}% 21
\BOOKMARK [2][-]{subsection.11.2}{\376\377\000H\000e\000r\000t\000z\000i\000a\000n\000\040\000D\000i\000p\000o\000l\000e\000'\000s\000\040\000A\000n\000t\000e\000n\000n\000a\000\040\000P\000a\000r\000a\000m\000e\000t\000e\000r}{section.11}% 22
\BOOKMARK [1][-]{section.12}{\376\377\000S\000m\000a\000l\000l\000\040\000D\000i\000p\000o\000l\000e\000\040\000A\000n\000t\000e\000n\000n\000a}{}% 23
\BOOKMARK [1][-]{section.13}{\376\377\000F\000i\000n\000i\000t\000e\000\040\000D\000i\000p\000o\000l\000e\000\040\000A\000n\000t\000e\000n\000n\000a}{}% 24
\BOOKMARK [1][-]{section.14}{\376\377\000P\000h\000y\000s\000i\000c\000a\000l\000\040\000I\000n\000t\000u\000i\000t\000i\000o\000n\000\040\000o\000n\000\040\000R\000a\000d\000i\000a\000t\000i\000o\000n}{}% 25
\BOOKMARK [2][-]{subsection.14.1}{\376\377\000W\000h\000y\000\040\000T\000r\000a\000n\000s\000m\000i\000s\000s\000i\000o\000n\000\040\000L\000i\000n\000e\000\040\000d\000o\000e\000s\000n\000'\000t\000\040\000R\000a\000d\000i\000a\000t\000e\000\040\000W\000a\000v\000e}{section.14}% 26
\BOOKMARK [1][-]{section.15}{\376\377\000W\000h\000a\000t\000\040\000M\000a\000k\000e\000s\000\040\000a\000\040\000G\000o\000o\000d\000\040\000A\000n\000t\000e\000n\000n\000a\000?}{}% 27
\BOOKMARK [1][-]{section.16}{\376\377\000L\000o\000o\000p\000\040\000A\000n\000t\000e\000n\000n\000a}{}% 28
\BOOKMARK [1][-]{section.17}{\376\377\000A\000n\000t\000e\000n\000n\000a\000\040\000A\000r\000r\000a\000y}{}% 29
\BOOKMARK [1][-]{section.18}{\376\377\000P\000h\000a\000s\000e\000\040\000A\000r\000r\000a\000y\000\040\000A\000n\000t\000e\000n\000n\000a\000s}{}% 30
\BOOKMARK [2][-]{subsection.18.1}{\376\377\000N\000-\000E\000l\000e\000m\000e\000n\000t\000\040\000A\000r\000r\000a\000y}{section.18}% 31
