\BOOKMARK [1][-]{section*.2}{\376\377\000P\000a\000r\000t\000\040\0001\000\040\000A\000n\000t\000e\000n\000n\000a\000\040\000C\000o\000n\000s\000t\000r\000u\000c\000t\000i\000o\000n}{}% 1
\BOOKMARK [1][-]{section*.3}{\376\377\000P\000a\000r\000t\000\040\0002\000\040\000B\000a\000s\000i\000c\000\040\000V\000N\000A\000\040\000M\000e\000a\000s\000u\000r\000e\000m\000e\000n\000t\000s}{}% 2
\BOOKMARK [2][-]{section*.4}{\376\377\000S\000t\000e\000p\000\040\0001}{section*.3}% 3
\BOOKMARK [2][-]{section*.5}{\376\377\000S\000t\000e\000p\000\040\0002}{section*.3}% 4
\BOOKMARK [3][-]{section*.6}{\376\377\000S\000h\000o\000r\000t\000\040\000C\000i\000r\000c\000u\000i\000t\000\040\000S\000-\000P\000a\000r\000a\000m\000e\000t\000e\000r}{section*.5}% 5
\BOOKMARK [3][-]{section*.7}{\376\377\000O\000p\000e\000n\000\040\000C\000i\000r\000c\000u\000i\000t\000\040\000S\000-\000P\000a\000r\000a\000m\000e\000t\000e\000r}{section*.5}% 6
\BOOKMARK [3][-]{section*.8}{\376\377\0005\0000\000\040\000\040\000L\000o\000a\000d\000\040\000C\000i\000r\000c\000u\000i\000t\000\040\000S\000-\000P\000a\000r\000a\000m\000e\000t\000e\000r}{section*.5}% 7
\BOOKMARK [1][-]{section*.9}{\376\377\000P\000a\000r\000t\000\040\0003\000\040\000A\000n\000t\000e\000n\000n\000a\000\040\000M\000e\000a\000s\000u\000r\000e\000m\000e\000n\000t\000s}{}% 8
\BOOKMARK [2][-]{section*.10}{\376\377\000S\000t\000e\000p\000\040\0001}{section*.9}% 9
\BOOKMARK [2][-]{section*.11}{\376\377\000S\000t\000e\000p\000\040\0002}{section*.9}% 10
\BOOKMARK [2][-]{section*.12}{\376\377\000S\000t\000e\000p\000\040\0003}{section*.9}% 11
\BOOKMARK [2][-]{section*.13}{\376\377\000S\000t\000e\000p\000\040\0004}{section*.9}% 12
\BOOKMARK [1][-]{section*.14}{\376\377\000P\000a\000r\000t\000\040\0004\000\040\000P\000o\000s\000t\000\040\000L\000a\000b\000\040\000Q\000u\000e\000s\000t\000i\000o\000n\000s}{}% 13
\BOOKMARK [2][-]{section*.15}{\376\377\000Q\0001}{section*.14}% 14
\BOOKMARK [2][-]{section*.16}{\376\377\000Q\0002}{section*.14}% 15
\BOOKMARK [2][-]{section*.17}{\376\377\000Q\0003}{section*.14}% 16
\BOOKMARK [2][-]{section*.18}{\376\377\000Q\0004}{section*.14}% 17
\BOOKMARK [2][-]{section*.19}{\376\377\000Q\0005}{section*.14}% 18
\BOOKMARK [2][-]{section*.20}{\376\377\000Q\0006}{section*.14}% 19
\BOOKMARK [2][-]{section*.21}{\376\377\000Q\0007}{section*.14}% 20
